<?xml version="1.0" encoding="UTF-8"?>
<testsuite name="io.github.dwin357.format.RomanNumeralParserTest" tests="1" skipped="0" failures="0" errors="0" timestamp="2020-02-13T02:38:54" hostname="lenny" time="0.001">
  <properties/>
  <testcase name="iReturns1" classname="io.github.dwin357.format.RomanNumeralParserTest" time="0.001"/>
  <system-out><![CDATA[]]></system-out>
  <system-err><![CDATA[]]></system-err>
</testsuite>
