<?xml version="1.0" encoding="UTF-8"?>
<testsuite name="io.github.dwin357.format.RomanNumeralParserTest" tests="6" skipped="0" failures="0" errors="0" timestamp="2020-02-13T03:06:26" hostname="lenny" time="0.003">
  <properties/>
  <testcase name="mcmxcviReturns1996" classname="io.github.dwin357.format.RomanNumeralParserTest" time="0.001"/>
  <testcase name="iReturns1" classname="io.github.dwin357.format.RomanNumeralParserTest" time="0.001"/>
  <testcase name="xReturns10" classname="io.github.dwin357.format.RomanNumeralParserTest" time="0.0"/>
  <testcase name="iiiReturns3" classname="io.github.dwin357.format.RomanNumeralParserTest" time="0.0"/>
  <testcase name="viReturns6" classname="io.github.dwin357.format.RomanNumeralParserTest" time="0.0"/>
  <testcase name="ivReturns4" classname="io.github.dwin357.format.RomanNumeralParserTest" time="0.0"/>
  <system-out><![CDATA[]]></system-out>
  <system-err><![CDATA[]]></system-err>
</testsuite>
